[    73.537] 
X.Org X Server 1.19.6
Release Date: 2017-12-20
[    73.537] X Protocol Version 11, Revision 0
[    73.537] Build Operating System: Linux 4.14.12-1-ARCH x86_64 
[    73.537] Current Operating System: Linux Cyber-4 4.15.1-2-ARCH #1 SMP Sun Feb 4 22:27:45 UTC 2018 x86_64
[    73.537] Kernel command line: BOOT_IMAGE=/boot/vmlinuz-linux root=UUID=6b0577d7-9bc4-4631-a055-f0ae72a72ea5 rw quiet
[    73.537] Build Date: 26 January 2018  10:25:18AM
[    73.538]  
[    73.538] Current version of pixman: 0.34.0
[    73.538] 	Before reporting problems, check http://wiki.x.org
	to make sure that you have the latest version.
[    73.538] Markers: (--) probed, (**) from config file, (==) default setting,
	(++) from command line, (!!) notice, (II) informational,
	(WW) warning, (EE) error, (NI) not implemented, (??) unknown.
[    73.538] (==) Log file: "/home/decker/.local/share/xorg/Xorg.0.log", Time: Sat Feb 10 11:56:25 2018
[    73.539] (==) Using system config directory "/usr/share/X11/xorg.conf.d"
[    73.540] (==) No Layout section.  Using the first Screen section.
[    73.540] (==) No screen section available. Using defaults.
[    73.540] (**) |-->Screen "Default Screen Section" (0)
[    73.540] (**) |   |-->Monitor "<default monitor>"
[    73.541] (==) No monitor specified for screen "Default Screen Section".
	Using a default monitor configuration.
[    73.541] (==) Automatically adding devices
[    73.541] (==) Automatically enabling devices
[    73.541] (==) Automatically adding GPU devices
[    73.541] (==) Automatically binding GPU devices
[    73.541] (==) Max clients allowed: 256, resource mask: 0x1fffff
[    73.542] (WW) `fonts.dir' not found (or not valid) in "/usr/share/fonts/misc/".
[    73.542] 	Entry deleted from font path.
[    73.542] 	(Run 'mkfontdir' on "/usr/share/fonts/misc/").
[    73.543] (WW) The directory "/usr/share/fonts/Type1/" does not exist.
[    73.543] 	Entry deleted from font path.
[    73.545] (==) FontPath set to:
	/usr/share/fonts/TTF/,
	/usr/share/fonts/OTF/,
	/usr/share/fonts/100dpi/,
	/usr/share/fonts/75dpi/
[    73.545] (==) ModulePath set to "/usr/lib/xorg/modules"
[    73.545] (II) The server relies on udev to provide the list of input devices.
	If no devices become available, reconfigure udev or disable AutoAddDevices.
[    73.545] (II) Loader magic: 0x55ffe9237d60
[    73.545] (II) Module ABI versions:
[    73.545] 	X.Org ANSI C Emulation: 0.4
[    73.545] 	X.Org Video Driver: 23.0
[    73.545] 	X.Org XInput driver : 24.1
[    73.545] 	X.Org Server Extension : 10.0
[    73.546] (++) using VT number 1

[    73.546] (--) controlling tty is VT number 1, auto-enabling KeepTty
[    73.547] (II) systemd-logind: took control of session /org/freedesktop/login1/session/c1
[    73.548] (II) xfree86: Adding drm device (/dev/dri/card0)
[    73.548] (II) systemd-logind: got fd for /dev/dri/card0 226:0 fd 11 paused 0
[    73.550] (--) PCI:*(0:0:2:0) 8086:0a26:1414:0005 rev 9, Mem @ 0xc0000000/4194304, 0xb0000000/268435456, I/O @ 0x00003000/64, BIOS @ 0x????????/131072
[    73.550] (WW) Open ACPI failed (/var/run/acpid.socket) (No such file or directory)
[    73.550] (II) LoadModule: "glx"
[    73.551] (II) Loading /usr/lib/xorg/modules/extensions/libglx.so
[    73.557] (II) Module glx: vendor="X.Org Foundation"
[    73.557] 	compiled for 1.19.6, module version = 1.0.0
[    73.557] 	ABI class: X.Org Server Extension, version 10.0
[    73.557] (==) Matched intel as autoconfigured driver 0
[    73.557] (==) Matched intel as autoconfigured driver 1
[    73.557] (==) Matched modesetting as autoconfigured driver 2
[    73.557] (==) Matched fbdev as autoconfigured driver 3
[    73.557] (==) Matched vesa as autoconfigured driver 4
[    73.557] (==) Assigned the driver to the xf86ConfigLayout
[    73.557] (II) LoadModule: "intel"
[    73.557] (WW) Warning, couldn't open module intel
[    73.557] (II) UnloadModule: "intel"
[    73.557] (II) Unloading intel
[    73.557] (EE) Failed to load module "intel" (module does not exist, 0)
[    73.557] (II) LoadModule: "modesetting"
[    73.557] (II) Loading /usr/lib/xorg/modules/drivers/modesetting_drv.so
[    73.558] (II) Module modesetting: vendor="X.Org Foundation"
[    73.558] 	compiled for 1.19.6, module version = 1.19.6
[    73.558] 	Module class: X.Org Video Driver
[    73.558] 	ABI class: X.Org Video Driver, version 23.0
[    73.558] (II) LoadModule: "fbdev"
[    73.558] (WW) Warning, couldn't open module fbdev
[    73.558] (II) UnloadModule: "fbdev"
[    73.558] (II) Unloading fbdev
[    73.558] (EE) Failed to load module "fbdev" (module does not exist, 0)
[    73.558] (II) LoadModule: "vesa"
[    73.558] (II) Loading /usr/lib/xorg/modules/drivers/vesa_drv.so
[    73.559] (II) Module vesa: vendor="X.Org Foundation"
[    73.559] 	compiled for 1.19.3, module version = 2.3.4
[    73.559] 	Module class: X.Org Video Driver
[    73.559] 	ABI class: X.Org Video Driver, version 23.0
[    73.559] (II) modesetting: Driver for Modesetting Kernel Drivers: kms
[    73.559] (II) VESA: driver for VESA chipsets: vesa
[    73.559] xf86EnableIOPorts: failed to set IOPL for I/O (Operation not permitted)
[    73.559] (II) modeset(0): using drv /dev/dri/card0
[    73.559] (WW) Falling back to old probe method for vesa
[    73.559] (WW) VGA arbiter: cannot open kernel arbiter, no multi-card support
[    73.559] (II) modeset(0): Creating default Display subsection in Screen section
	"Default Screen Section" for depth/fbbpp 24/32
[    73.559] (==) modeset(0): Depth 24, (==) framebuffer bpp 32
[    73.559] (==) modeset(0): RGB weight 888
[    73.559] (==) modeset(0): Default visual is TrueColor
[    73.559] (II) Loading sub module "glamoregl"
[    73.559] (II) LoadModule: "glamoregl"
[    73.559] (II) Loading /usr/lib/xorg/modules/libglamoregl.so
[    73.563] (II) Module glamoregl: vendor="X.Org Foundation"
[    73.563] 	compiled for 1.19.6, module version = 1.0.0
[    73.563] 	ABI class: X.Org ANSI C Emulation, version 0.4
[    73.563] (II) glamor: OpenGL accelerated X.org driver based.
[    73.595] (II) glamor: EGL version 1.4 (DRI2):
[    73.604] (II) modeset(0): glamor initialized
[    73.606] (II) modeset(0): Output eDP-1 has no monitor section
[    73.606] (II) modeset(0): Output DP-1 has no monitor section
[    73.615] (II) modeset(0): Output HDMI-1 has no monitor section
[    73.615] (II) modeset(0): Output DP-2 has no monitor section
[    73.623] (II) modeset(0): Output HDMI-2 has no monitor section
[    73.624] (II) modeset(0): EDID for output eDP-1
[    73.624] (II) modeset(0): Manufacturer: SEC  Model: 3542  Serial#: 0
[    73.624] (II) modeset(0): Year: 2013  Week: 0
[    73.624] (II) modeset(0): EDID Version: 1.1
[    73.624] (II) modeset(0): Digital Display Input
[    73.624] (II) modeset(0): Max Image Size [cm]: horiz.: 25  vert.: 17
[    73.624] (II) modeset(0): Gamma: 2.20
[    73.624] (II) modeset(0): No DPMS capabilities specified
[    73.624] (II) modeset(0): Supported color encodings: RGB 4:4:4 YCrCb 4:4:4 
[    73.624] (II) modeset(0): First detailed timing is preferred mode
[    73.624] (II) modeset(0): redX: 0.640 redY: 0.330   greenX: 0.300 greenY: 0.600
[    73.624] (II) modeset(0): blueX: 0.150 blueY: 0.060   whiteX: 0.313 whiteY: 0.329
[    73.624] (II) modeset(0): Manufacturer's mask: 0
[    73.624] (II) modeset(0): Supported detailed timing:
[    73.624] (II) modeset(0): clock: 206.0 MHz   Image Size:  254 x 169 mm
[    73.624] (II) modeset(0): h_active: 2160  h_sync: 2208  h_sync_end 2240 h_blank_end 2320 h_border: 0
[    73.624] (II) modeset(0): v_active: 1440  v_sync: 1443  v_sync_end 1453 v_blanking: 1481 v_border: 0
[    73.624] (II) modeset(0): Supported detailed timing:
[    73.624] (II) modeset(0): clock: 164.9 MHz   Image Size:  254 x 169 mm
[    73.624] (II) modeset(0): h_active: 2160  h_sync: 2208  h_sync_end 2240 h_blank_end 2320 h_border: 0
[    73.624] (II) modeset(0): v_active: 1440  v_sync: 1443  v_sync_end 1453 v_blanking: 1481 v_border: 0
[    73.624] (II) modeset(0):  SAMSUNG
[    73.624] (II) modeset(0):  120QL01-001
[    73.624] (II) modeset(0): EDID (in hex):
[    73.624] (II) modeset(0): 	00ffffffffffff004ca3423500000000
[    73.624] (II) modeset(0): 	00170101951911780aee95a3544c9926
[    73.624] (II) modeset(0): 	0f505400000001010101010101010101
[    73.624] (II) modeset(0): 	010101010101785070a080a029503020
[    73.624] (II) modeset(0): 	3a00fea9000000196a4070a080a02950
[    73.624] (II) modeset(0): 	30203a00fea900000019000000fe0053
[    73.624] (II) modeset(0): 	414d53554e470a2020202020000000fe
[    73.624] (II) modeset(0): 	00313230514c30312d3030310a200069
[    73.625] (II) modeset(0): Printing probed modes for output eDP-1
[    73.625] (II) modeset(0): Modeline "2160x1440"x60.0  206.00  2160 2208 2240 2320  1440 1443 1453 1481 -hsync -vsync (88.8 kHz eP)
[    73.625] (II) modeset(0): Modeline "2160x1440"x48.0  164.90  2160 2208 2240 2320  1440 1443 1453 1481 -hsync -vsync (71.1 kHz e)
[    73.625] (II) modeset(0): Modeline "1920x1440"x60.0  234.00  1920 2048 2256 2600  1440 1441 1444 1500 -hsync +vsync (90.0 kHz d)
[    73.625] (II) modeset(0): Modeline "1856x1392"x60.0  218.30  1856 1952 2176 2528  1392 1393 1396 1439 -hsync +vsync (86.4 kHz d)
[    73.625] (II) modeset(0): Modeline "1792x1344"x60.0  204.80  1792 1920 2120 2448  1344 1345 1348 1394 -hsync +vsync (83.7 kHz d)
[    73.625] (II) modeset(0): Modeline "2048x1152"x120.0  406.50  2048 2220 2444 2840  1152 1153 1156 1193 doublescan -hsync +vsync (143.1 kHz d)
[    73.625] (II) modeset(0): Modeline "2048x1152"x120.0  302.50  2048 2072 2088 2128  1152 1153 1156 1185 doublescan +hsync -vsync (142.2 kHz d)
[    73.625] (II) modeset(0): Modeline "2048x1152"x59.9  197.00  2048 2184 2400 2752  1152 1155 1160 1195 -hsync +vsync (71.6 kHz d)
[    73.625] (II) modeset(0): Modeline "2048x1152"x59.9  156.75  2048 2096 2128 2208  1152 1155 1160 1185 +hsync -vsync (71.0 kHz d)
[    73.625] (II) modeset(0): Modeline "1920x1200"x59.9  193.25  1920 2056 2256 2592  1200 1203 1209 1245 -hsync +vsync (74.6 kHz d)
[    73.625] (II) modeset(0): Modeline "1920x1200"x60.0  154.00  1920 1968 2000 2080  1200 1203 1209 1235 +hsync -vsync (74.0 kHz d)
[    73.625] (II) modeset(0): Modeline "1920x1080"x120.0  356.38  1920 2080 2288 2656  1080 1081 1084 1118 doublescan -hsync +vsync (134.2 kHz d)
[    73.625] (II) modeset(0): Modeline "1920x1080"x119.9  266.50  1920 1944 1960 2000  1080 1081 1084 1111 doublescan +hsync -vsync (133.2 kHz d)
[    73.625] (II) modeset(0): Modeline "1920x1080"x60.0  173.00  1920 2048 2248 2576  1080 1083 1088 1120 -hsync +vsync (67.2 kHz d)
[    73.625] (II) modeset(0): Modeline "1920x1080"x59.9  138.50  1920 1968 2000 2080  1080 1083 1088 1111 +hsync -vsync (66.6 kHz d)
[    73.625] (II) modeset(0): Modeline "1600x1200"x60.0  162.00  1600 1664 1856 2160  1200 1201 1204 1250 +hsync +vsync (75.0 kHz d)
[    73.625] (II) modeset(0): Modeline "1680x1050"x60.0  146.25  1680 1784 1960 2240  1050 1053 1059 1089 -hsync +vsync (65.3 kHz d)
[    73.625] (II) modeset(0): Modeline "1680x1050"x59.9  119.00  1680 1728 1760 1840  1050 1053 1059 1080 +hsync -vsync (64.7 kHz d)
[    73.625] (II) modeset(0): Modeline "1400x1050"x60.0  122.00  1400 1488 1640 1880  1050 1052 1064 1082 +hsync +vsync (64.9 kHz d)
[    73.625] (II) modeset(0): Modeline "1600x900"x120.0  246.00  1600 1728 1900 2200  900 901 904 932 doublescan -hsync +vsync (111.8 kHz d)
[    73.625] (II) modeset(0): Modeline "1600x900"x119.9  186.50  1600 1624 1640 1680  900 901 904 926 doublescan +hsync -vsync (111.0 kHz d)
[    73.625] (II) modeset(0): Modeline "1600x900"x59.9  118.25  1600 1696 1856 2112  900 903 908 934 -hsync +vsync (56.0 kHz d)
[    73.625] (II) modeset(0): Modeline "1600x900"x59.8   97.50  1600 1648 1680 1760  900 903 908 926 +hsync -vsync (55.4 kHz d)
[    73.625] (II) modeset(0): Modeline "1280x1024"x60.0  108.00  1280 1328 1440 1688  1024 1025 1028 1066 +hsync +vsync (64.0 kHz d)
[    73.625] (II) modeset(0): Modeline "1400x900"x60.0  103.50  1400 1480 1624 1848  900 903 913 934 -hsync +vsync (56.0 kHz d)
[    73.625] (II) modeset(0): Modeline "1400x900"x59.9   86.50  1400 1448 1480 1560  900 903 913 926 +hsync -vsync (55.4 kHz d)
[    73.625] (II) modeset(0): Modeline "1280x960"x60.0  108.00  1280 1376 1488 1800  960 961 964 1000 +hsync +vsync (60.0 kHz d)
[    73.625] (II) modeset(0): Modeline "1440x810"x120.0  198.12  1440 1548 1704 1968  810 811 814 839 doublescan -hsync +vsync (100.7 kHz d)
[    73.625] (II) modeset(0): Modeline "1440x810"x119.9  151.88  1440 1464 1480 1520  810 811 814 833 doublescan +hsync -vsync (99.9 kHz d)
[    73.625] (II) modeset(0): Modeline "1368x768"x59.9   85.25  1368 1440 1576 1784  768 771 781 798 -hsync +vsync (47.8 kHz d)
[    73.625] (II) modeset(0): Modeline "1368x768"x59.9   72.25  1368 1416 1448 1528  768 771 781 790 +hsync -vsync (47.3 kHz d)
[    73.625] (II) modeset(0): Modeline "1280x800"x120.0  174.25  1280 1380 1516 1752  800 801 804 829 doublescan -hsync +vsync (99.5 kHz d)
[    73.625] (II) modeset(0): Modeline "1280x800"x119.9  134.25  1280 1304 1320 1360  800 801 804 823 doublescan +hsync -vsync (98.7 kHz d)
[    73.625] (II) modeset(0): Modeline "1280x800"x59.8   83.50  1280 1352 1480 1680  800 803 809 831 -hsync +vsync (49.7 kHz d)
[    73.625] (II) modeset(0): Modeline "1280x800"x59.9   71.00  1280 1328 1360 1440  800 803 809 823 +hsync -vsync (49.3 kHz d)
[    73.625] (II) modeset(0): Modeline "1280x720"x120.0  156.12  1280 1376 1512 1744  720 721 724 746 doublescan -hsync +vsync (89.5 kHz d)
[    73.625] (II) modeset(0): Modeline "1280x720"x120.0  120.75  1280 1304 1320 1360  720 721 724 740 doublescan +hsync -vsync (88.8 kHz d)
[    73.625] (II) modeset(0): Modeline "1280x720"x59.9   74.50  1280 1344 1472 1664  720 723 728 748 -hsync +vsync (44.8 kHz d)
[    73.625] (II) modeset(0): Modeline "1280x720"x59.7   63.75  1280 1328 1360 1440  720 723 728 741 +hsync -vsync (44.3 kHz d)
[    73.625] (II) modeset(0): Modeline "1024x768"x120.1  133.47  1024 1100 1212 1400  768 768 770 794 doublescan -hsync +vsync (95.3 kHz d)
[    73.625] (II) modeset(0): Modeline "1024x768"x60.0   65.00  1024 1048 1184 1344  768 771 777 806 -hsync -vsync (48.4 kHz d)
[    73.625] (II) modeset(0): Modeline "960x720"x120.0  117.00  960 1024 1128 1300  720 720 722 750 doublescan -hsync +vsync (90.0 kHz d)
[    73.625] (II) modeset(0): Modeline "928x696"x120.1  109.15  928 976 1088 1264  696 696 698 719 doublescan -hsync +vsync (86.4 kHz d)
[    73.625] (II) modeset(0): Modeline "896x672"x120.0  102.40  896 960 1060 1224  672 672 674 697 doublescan -hsync +vsync (83.7 kHz d)
[    73.625] (II) modeset(0): Modeline "1024x576"x119.9   98.50  1024 1092 1200 1376  576 577 580 597 doublescan -hsync +vsync (71.6 kHz d)
[    73.625] (II) modeset(0): Modeline "1024x576"x119.9   78.38  1024 1048 1064 1104  576 577 580 592 doublescan +hsync -vsync (71.0 kHz d)
[    73.625] (II) modeset(0): Modeline "1024x576"x59.9   46.50  1024 1064 1160 1296  576 579 584 599 -hsync +vsync (35.9 kHz d)
[    73.625] (II) modeset(0): Modeline "1024x576"x59.8   42.00  1024 1072 1104 1184  576 579 584 593 +hsync -vsync (35.5 kHz d)
[    73.625] (II) modeset(0): Modeline "960x600"x119.9   96.62  960 1028 1128 1296  600 601 604 622 doublescan -hsync +vsync (74.6 kHz d)
[    73.625] (II) modeset(0): Modeline "960x600"x120.0   77.00  960 984 1000 1040  600 601 604 617 doublescan +hsync -vsync (74.0 kHz d)
[    73.625] (II) modeset(0): Modeline "960x540"x119.9   86.50  960 1024 1124 1288  540 541 544 560 doublescan -hsync +vsync (67.2 kHz d)
[    73.625] (II) modeset(0): Modeline "960x540"x120.0   69.25  960 984 1000 1040  540 541 544 555 doublescan +hsync -vsync (66.6 kHz d)
[    73.625] (II) modeset(0): Modeline "960x540"x59.6   40.75  960 992 1088 1216  540 543 548 562 -hsync +vsync (33.5 kHz d)
[    73.625] (II) modeset(0): Modeline "960x540"x59.8   37.25  960 1008 1040 1120  540 543 548 556 +hsync -vsync (33.3 kHz d)
[    73.625] (II) modeset(0): Modeline "800x600"x120.0   81.00  800 832 928 1080  600 600 602 625 doublescan +hsync +vsync (75.0 kHz d)
[    73.625] (II) modeset(0): Modeline "800x600"x60.3   40.00  800 840 968 1056  600 601 605 628 +hsync +vsync (37.9 kHz d)
[    73.625] (II) modeset(0): Modeline "800x600"x56.2   36.00  800 824 896 1024  600 601 603 625 +hsync +vsync (35.2 kHz d)
[    73.625] (II) modeset(0): Modeline "840x525"x120.0   73.12  840 892 980 1120  525 526 529 544 doublescan -hsync +vsync (65.3 kHz d)
[    73.625] (II) modeset(0): Modeline "840x525"x119.8   59.50  840 864 880 920  525 526 529 540 doublescan +hsync -vsync (64.7 kHz d)
[    73.625] (II) modeset(0): Modeline "864x486"x59.9   32.50  864 888 968 1072  486 489 494 506 -hsync +vsync (30.3 kHz d)
[    73.625] (II) modeset(0): Modeline "864x486"x59.6   30.50  864 912 944 1024  486 489 494 500 +hsync -vsync (29.8 kHz d)
[    73.625] (II) modeset(0): Modeline "700x525"x120.0   61.00  700 744 820 940  525 526 532 541 doublescan +hsync +vsync (64.9 kHz d)
[    73.625] (II) modeset(0): Modeline "800x450"x119.9   59.12  800 848 928 1056  450 451 454 467 doublescan -hsync +vsync (56.0 kHz d)
[    73.625] (II) modeset(0): Modeline "800x450"x119.6   48.75  800 824 840 880  450 451 454 463 doublescan +hsync -vsync (55.4 kHz d)
[    73.625] (II) modeset(0): Modeline "640x512"x120.0   54.00  640 664 720 844  512 512 514 533 doublescan +hsync +vsync (64.0 kHz d)
[    73.625] (II) modeset(0): Modeline "700x450"x119.9   51.75  700 740 812 924  450 451 456 467 doublescan -hsync +vsync (56.0 kHz d)
[    73.625] (II) modeset(0): Modeline "700x450"x119.8   43.25  700 724 740 780  450 451 456 463 doublescan +hsync -vsync (55.4 kHz d)
[    73.625] (II) modeset(0): Modeline "640x480"x120.0   54.00  640 688 744 900  480 480 482 500 doublescan +hsync +vsync (60.0 kHz d)
[    73.625] (II) modeset(0): Modeline "640x480"x59.9   25.18  640 656 752 800  480 490 492 525 -hsync -vsync (31.5 kHz d)
[    73.625] (II) modeset(0): Modeline "720x405"x59.5   22.50  720 744 808 896  405 408 413 422 -hsync +vsync (25.1 kHz d)
[    73.625] (II) modeset(0): Modeline "720x405"x59.0   21.75  720 768 800 880  405 408 413 419 +hsync -vsync (24.7 kHz d)
[    73.625] (II) modeset(0): Modeline "684x384"x119.8   42.62  684 720 788 892  384 385 390 399 doublescan -hsync +vsync (47.8 kHz d)
[    73.625] (II) modeset(0): Modeline "684x384"x119.7   36.12  684 708 724 764  384 385 390 395 doublescan +hsync -vsync (47.3 kHz d)
[    73.625] (II) modeset(0): Modeline "640x400"x119.8   41.75  640 676 740 840  400 401 404 415 doublescan -hsync +vsync (49.7 kHz d)
[    73.625] (II) modeset(0): Modeline "640x400"x120.0   35.50  640 664 680 720  400 401 404 411 doublescan +hsync -vsync (49.3 kHz d)
[    73.625] (II) modeset(0): Modeline "640x360"x119.7   37.25  640 672 736 832  360 361 364 374 doublescan -hsync +vsync (44.8 kHz d)
[    73.625] (II) modeset(0): Modeline "640x360"x119.7   31.88  640 664 680 720  360 361 364 370 doublescan +hsync -vsync (44.3 kHz d)
[    73.625] (II) modeset(0): Modeline "640x360"x59.8   18.00  640 664 720 800  360 363 368 376 -hsync +vsync (22.5 kHz d)
[    73.625] (II) modeset(0): Modeline "640x360"x59.3   17.75  640 688 720 800  360 363 368 374 +hsync -vsync (22.2 kHz d)
[    73.625] (II) modeset(0): Modeline "512x384"x120.0   32.50  512 524 592 672  384 385 388 403 doublescan -hsync -vsync (48.4 kHz d)
[    73.625] (II) modeset(0): Modeline "512x288"x120.0   23.25  512 532 580 648  288 289 292 299 doublescan -hsync +vsync (35.9 kHz d)
[    73.625] (II) modeset(0): Modeline "512x288"x119.8   21.00  512 536 552 592  288 289 292 296 doublescan +hsync -vsync (35.5 kHz d)
[    73.625] (II) modeset(0): Modeline "480x270"x119.3   20.38  480 496 544 608  270 271 274 281 doublescan -hsync +vsync (33.5 kHz d)
[    73.625] (II) modeset(0): Modeline "480x270"x119.6   18.62  480 504 520 560  270 271 274 278 doublescan +hsync -vsync (33.3 kHz d)
[    73.625] (II) modeset(0): Modeline "400x300"x120.6   20.00  400 420 484 528  300 300 302 314 doublescan +hsync +vsync (37.9 kHz d)
[    73.625] (II) modeset(0): Modeline "400x300"x112.7   18.00  400 412 448 512  300 300 301 312 doublescan +hsync +vsync (35.2 kHz d)
[    73.625] (II) modeset(0): Modeline "432x243"x119.8   16.25  432 444 484 536  243 244 247 253 doublescan -hsync +vsync (30.3 kHz d)
[    73.625] (II) modeset(0): Modeline "432x243"x119.1   15.25  432 456 472 512  243 244 247 250 doublescan +hsync -vsync (29.8 kHz d)
[    73.625] (II) modeset(0): Modeline "320x240"x120.1   12.59  320 328 376 400  240 245 246 262 doublescan -hsync -vsync (31.5 kHz d)
[    73.625] (II) modeset(0): Modeline "360x202"x119.0   11.25  360 372 404 448  202 204 206 211 doublescan -hsync +vsync (25.1 kHz d)
[    73.625] (II) modeset(0): Modeline "360x202"x118.3   10.88  360 384 400 440  202 204 206 209 doublescan +hsync -vsync (24.7 kHz d)
[    73.625] (II) modeset(0): Modeline "320x180"x119.7    9.00  320 332 360 400  180 181 184 188 doublescan -hsync +vsync (22.5 kHz d)
[    73.625] (II) modeset(0): Modeline "320x180"x118.6    8.88  320 344 360 400  180 181 184 187 doublescan +hsync -vsync (22.2 kHz d)
[    73.625] (II) modeset(0): EDID for output DP-1
[    73.634] (II) modeset(0): EDID for output HDMI-1
[    73.634] (II) modeset(0): EDID for output DP-2
[    73.642] (II) modeset(0): EDID for output HDMI-2
[    73.642] (II) modeset(0): Output eDP-1 connected
[    73.642] (II) modeset(0): Output DP-1 disconnected
[    73.642] (II) modeset(0): Output HDMI-1 disconnected
[    73.642] (II) modeset(0): Output DP-2 disconnected
[    73.642] (II) modeset(0): Output HDMI-2 disconnected
[    73.642] (II) modeset(0): Using exact sizes for initial modes
[    73.642] (II) modeset(0): Output eDP-1 using initial mode 2160x1440 +0+0
[    73.642] (==) modeset(0): Using gamma correction (1.0, 1.0, 1.0)
[    73.642] (==) modeset(0): DPI set to (96, 96)
[    73.642] (II) Loading sub module "fb"
[    73.642] (II) LoadModule: "fb"
[    73.642] (II) Loading /usr/lib/xorg/modules/libfb.so
[    73.643] (II) Module fb: vendor="X.Org Foundation"
[    73.643] 	compiled for 1.19.6, module version = 1.0.0
[    73.643] 	ABI class: X.Org ANSI C Emulation, version 0.4
[    73.643] (II) UnloadModule: "vesa"
[    73.643] (II) Unloading vesa
[    73.643] (==) Depth 24 pixmap format is 32 bpp
[    73.701] (==) modeset(0): Backing store enabled
[    73.701] (==) modeset(0): Silken mouse enabled
[    73.701] (II) modeset(0): RandR 1.2 enabled, ignore the following RandR disabled message.
[    73.753] (==) modeset(0): DPMS enabled
[    73.753] (II) modeset(0): [DRI2] Setup complete
[    73.753] (II) modeset(0): [DRI2]   DRI driver: i965
[    73.753] (II) modeset(0): [DRI2]   VDPAU driver: i965
[    73.753] (--) RandR disabled
[    73.759] (II) AIGLX: enabled GLX_MESA_copy_sub_buffer
[    73.759] (II) AIGLX: enabled GLX_ARB_create_context
[    73.759] (II) AIGLX: enabled GLX_ARB_create_context_profile
[    73.759] (II) AIGLX: enabled GLX_EXT_create_context_es{,2}_profile
[    73.759] (II) AIGLX: enabled GLX_INTEL_swap_event
[    73.759] (II) AIGLX: enabled GLX_SGI_swap_control
[    73.759] (II) AIGLX: enabled GLX_EXT_framebuffer_sRGB
[    73.759] (II) AIGLX: enabled GLX_ARB_fbconfig_float
[    73.759] (II) AIGLX: enabled GLX_EXT_fbconfig_packed_float
[    73.759] (II) AIGLX: GLX_EXT_texture_from_pixmap backed by buffer objects
[    73.759] (II) AIGLX: enabled GLX_ARB_create_context_robustness
[    73.760] (II) AIGLX: Loaded and initialized i965
[    73.760] (II) GLX: Initialized DRI2 GL provider for screen 0
[    73.762] (II) modeset(0): Damage tracking initialized
[    73.762] (II) modeset(0): Setting screen physical size to 571 x 381
[    73.827] (II) config/udev: Adding input device Video Bus (/dev/input/event5)
[    73.827] (**) Video Bus: Applying InputClass "libinput keyboard catchall"
[    73.827] (II) LoadModule: "libinput"
[    73.827] (II) Loading /usr/lib/xorg/modules/input/libinput_drv.so
[    73.830] (II) Module libinput: vendor="X.Org Foundation"
[    73.830] 	compiled for 1.19.3, module version = 0.26.0
[    73.830] 	Module class: X.Org XInput Driver
[    73.830] 	ABI class: X.Org XInput driver, version 24.1
[    73.830] (II) Using input driver 'libinput' for 'Video Bus'
[    73.831] (II) systemd-logind: got fd for /dev/input/event5 13:69 fd 20 paused 0
[    73.831] (**) Video Bus: always reports core events
[    73.831] (**) Option "Device" "/dev/input/event5"
[    73.831] (**) Option "_source" "server/udev"
[    73.831] (II) event5  - (II) Video Bus: (II) is tagged by udev as: Keyboard
[    73.831] (II) event5  - (II) Video Bus: (II) device is a keyboard
[    73.831] (II) event5  - (II) Video Bus: (II) device removed
[    73.831] (**) Option "config_info" "udev:/sys/devices/LNXSYSTM:00/LNXSYBUS:00/PNP0A08:00/LNXVIDEO:00/input/input5/event5"
[    73.831] (II) XINPUT: Adding extended input device "Video Bus" (type: KEYBOARD, id 6)
[    73.831] (II) event5  - (II) Video Bus: (II) is tagged by udev as: Keyboard
[    73.831] (II) event5  - (II) Video Bus: (II) device is a keyboard
[    73.832] (II) config/udev: Adding input device Surface Pro 3/4 Buttons (/dev/input/event1)
[    73.832] (**) Surface Pro 3/4 Buttons: Applying InputClass "libinput keyboard catchall"
[    73.832] (II) Using input driver 'libinput' for 'Surface Pro 3/4 Buttons'
[    73.832] (II) systemd-logind: got fd for /dev/input/event1 13:65 fd 23 paused 0
[    73.832] (**) Surface Pro 3/4 Buttons: always reports core events
[    73.832] (**) Option "Device" "/dev/input/event1"
[    73.832] (**) Option "_source" "server/udev"
[    73.832] (II) event1  - (II) Surface Pro 3/4 Buttons: (II) is tagged by udev as: Keyboard
[    73.832] (II) event1  - (II) Surface Pro 3/4 Buttons: (II) device is a keyboard
[    73.832] (II) event1  - (II) Surface Pro 3/4 Buttons: (II) device removed
[    73.832] (**) Option "config_info" "udev:/sys/devices/LNXSYSTM:00/LNXSYBUS:00/PNP0A08:00/device:14/MSHW0028:00/input/input1/event1"
[    73.832] (II) XINPUT: Adding extended input device "Surface Pro 3/4 Buttons" (type: KEYBOARD, id 7)
[    73.833] (II) event1  - (II) Surface Pro 3/4 Buttons: (II) is tagged by udev as: Keyboard
[    73.833] (II) event1  - (II) Surface Pro 3/4 Buttons: (II) device is a keyboard
[    73.833] (II) config/udev: Adding input device Lid Switch (/dev/input/event0)
[    73.833] (II) No input driver specified, ignoring this device.
[    73.833] (II) This device may have been added with another device file.
[    73.833] (II) config/udev: Adding input device HDA Intel HDMI HDMI/DP,pcm=3 (/dev/input/event9)
[    73.833] (II) No input driver specified, ignoring this device.
[    73.833] (II) This device may have been added with another device file.
[    73.834] (II) config/udev: Adding input device HDA Intel HDMI HDMI/DP,pcm=7 (/dev/input/event11)
[    73.834] (II) No input driver specified, ignoring this device.
[    73.834] (II) This device may have been added with another device file.
[    73.834] (II) config/udev: Adding input device HDA Intel HDMI HDMI/DP,pcm=8 (/dev/input/event13)
[    73.834] (II) No input driver specified, ignoring this device.
[    73.834] (II) This device may have been added with another device file.
[    73.834] (II) config/udev: Adding input device HDA Intel HDMI HDMI/DP,pcm=9 (/dev/input/event14)
[    73.834] (II) No input driver specified, ignoring this device.
[    73.834] (II) This device may have been added with another device file.
[    73.834] (II) config/udev: Adding input device HDA Intel HDMI HDMI/DP,pcm=10 (/dev/input/event15)
[    73.834] (II) No input driver specified, ignoring this device.
[    73.834] (II) This device may have been added with another device file.
[    73.835] (II) config/udev: Adding input device Microsoft Surface Type Cover Consumer Control (/dev/input/event10)
[    73.835] (**) Microsoft Surface Type Cover Consumer Control: Applying InputClass "libinput keyboard catchall"
[    73.835] (II) Using input driver 'libinput' for 'Microsoft Surface Type Cover Consumer Control'
[    73.835] (II) systemd-logind: got fd for /dev/input/event10 13:74 fd 24 paused 0
[    73.835] (**) Microsoft Surface Type Cover Consumer Control: always reports core events
[    73.835] (**) Option "Device" "/dev/input/event10"
[    73.835] (**) Option "_source" "server/udev"
[    73.835] (II) event10 - (II) Microsoft Surface Type Cover Consumer Control: (II) is tagged by udev as: Keyboard
[    73.835] (II) event10 - (II) Microsoft Surface Type Cover Consumer Control: (II) device is a keyboard
[    73.835] (II) event10 - (II) Microsoft Surface Type Cover Consumer Control: (II) device removed
[    73.835] (II) libinput: Microsoft Surface Type Cover Consumer Control: needs a virtual subdevice
[    73.835] (**) Option "config_info" "udev:/sys/devices/pci0000:00/0000:00:14.0/usb1/1-3/1-3:1.0/0003:045E:07DC.0002/input/input10/event10"
[    73.835] (II) XINPUT: Adding extended input device "Microsoft Surface Type Cover Consumer Control" (type: MOUSE, id 8)
[    73.835] (**) Option "AccelerationScheme" "none"
[    73.835] (**) Microsoft Surface Type Cover Consumer Control: (accel) selected scheme none/0
[    73.835] (**) Microsoft Surface Type Cover Consumer Control: (accel) acceleration factor: 2.000
[    73.835] (**) Microsoft Surface Type Cover Consumer Control: (accel) acceleration threshold: 4
[    73.836] (II) event10 - (II) Microsoft Surface Type Cover Consumer Control: (II) is tagged by udev as: Keyboard
[    73.836] (II) event10 - (II) Microsoft Surface Type Cover Consumer Control: (II) device is a keyboard
[    73.836] (II) config/udev: Adding input device Microsoft Surface Type Cover Touchpad (/dev/input/event12)
[    73.836] (**) Microsoft Surface Type Cover Touchpad: Applying InputClass "libinput touchpad catchall"
[    73.836] (II) Using input driver 'libinput' for 'Microsoft Surface Type Cover Touchpad'
[    73.836] (II) systemd-logind: got fd for /dev/input/event12 13:76 fd 25 paused 0
[    73.837] (**) Microsoft Surface Type Cover Touchpad: always reports core events
[    73.837] (**) Option "Device" "/dev/input/event12"
[    73.837] (**) Option "_source" "server/udev"
[    73.837] (II) event12 - (II) Microsoft Surface Type Cover Touchpad: (II) is tagged by udev as: Touchpad
[    73.837] (II) event12 - (II) Microsoft Surface Type Cover Touchpad: (II) device is a touchpad
[    73.837] (II) event12 - (II) Microsoft Surface Type Cover Touchpad: (II) device removed
[    73.837] (**) Option "config_info" "udev:/sys/devices/pci0000:00/0000:00:14.0/usb1/1-3/1-3:1.0/0003:045E:07DC.0002/input/input12/event12"
[    73.837] (II) XINPUT: Adding extended input device "Microsoft Surface Type Cover Touchpad" (type: TOUCHPAD, id 9)
[    73.837] (**) Option "AccelerationScheme" "none"
[    73.837] (**) Microsoft Surface Type Cover Touchpad: (accel) selected scheme none/0
[    73.837] (**) Microsoft Surface Type Cover Touchpad: (accel) acceleration factor: 2.000
[    73.837] (**) Microsoft Surface Type Cover Touchpad: (accel) acceleration threshold: 4
[    73.837] (II) event12 - (II) Microsoft Surface Type Cover Touchpad: (II) is tagged by udev as: Touchpad
[    73.837] (II) event12 - (II) Microsoft Surface Type Cover Touchpad: (II) device is a touchpad
[    73.838] (II) config/udev: Adding input device Microsoft Surface Type Cover Touchpad (/dev/input/mouse0)
[    73.838] (II) No input driver specified, ignoring this device.
[    73.838] (II) This device may have been added with another device file.
[    73.838] (II) config/udev: Adding input device Microsoft Surface Type Cover Keyboard (/dev/input/event8)
[    73.838] (**) Microsoft Surface Type Cover Keyboard: Applying InputClass "libinput keyboard catchall"
[    73.838] (II) Using input driver 'libinput' for 'Microsoft Surface Type Cover Keyboard'
[    73.838] (II) systemd-logind: got fd for /dev/input/event8 13:72 fd 26 paused 0
[    73.838] (**) Microsoft Surface Type Cover Keyboard: always reports core events
[    73.838] (**) Option "Device" "/dev/input/event8"
[    73.838] (**) Option "_source" "server/udev"
[    73.839] (II) event8  - (II) Microsoft Surface Type Cover Keyboard: (II) is tagged by udev as: Keyboard
[    73.839] (II) event8  - (II) Microsoft Surface Type Cover Keyboard: (II) device is a keyboard
[    73.839] (II) event8  - (II) Microsoft Surface Type Cover Keyboard: (II) device removed
[    73.839] (**) Option "config_info" "udev:/sys/devices/pci0000:00/0000:00:14.0/usb1/1-3/1-3:1.0/0003:045E:07DC.0002/input/input8/event8"
[    73.839] (II) XINPUT: Adding extended input device "Microsoft Surface Type Cover Keyboard" (type: KEYBOARD, id 10)
[    73.839] (II) event8  - (II) Microsoft Surface Type Cover Keyboard: (II) is tagged by udev as: Keyboard
[    73.839] (II) event8  - (II) Microsoft Surface Type Cover Keyboard: (II) device is a keyboard
[    73.839] (II) config/udev: Adding input device Microsoft LifeCam Front: Micros (/dev/input/event6)
[    73.839] (**) Microsoft LifeCam Front: Micros: Applying InputClass "libinput keyboard catchall"
[    73.839] (II) Using input driver 'libinput' for 'Microsoft LifeCam Front: Micros'
[    73.840] (II) systemd-logind: got fd for /dev/input/event6 13:70 fd 27 paused 0
[    73.840] (**) Microsoft LifeCam Front: Micros: always reports core events
[    73.840] (**) Option "Device" "/dev/input/event6"
[    73.840] (**) Option "_source" "server/udev"
[    73.840] (II) event6  - (II) Microsoft LifeCam Front: Micros: (II) is tagged by udev as: Keyboard
[    73.840] (II) event6  - (II) Microsoft LifeCam Front: Micros: (II) device is a keyboard
[    73.840] (II) event6  - (II) Microsoft LifeCam Front: Micros: (II) device removed
[    73.840] (**) Option "config_info" "udev:/sys/devices/pci0000:00/0000:00:14.0/usb1/1-7/1-7:1.0/input/input6/event6"
[    73.840] (II) XINPUT: Adding extended input device "Microsoft LifeCam Front: Micros" (type: KEYBOARD, id 11)
[    73.840] (II) event6  - (II) Microsoft LifeCam Front: Micros: (II) is tagged by udev as: Keyboard
[    73.840] (II) event6  - (II) Microsoft LifeCam Front: Micros: (II) device is a keyboard
[    73.841] (II) config/udev: Adding input device Microsoft LifeCam Rear: Microso (/dev/input/event7)
[    73.841] (**) Microsoft LifeCam Rear: Microso: Applying InputClass "libinput keyboard catchall"
[    73.841] (II) Using input driver 'libinput' for 'Microsoft LifeCam Rear: Microso'
[    73.841] (II) systemd-logind: got fd for /dev/input/event7 13:71 fd 28 paused 0
[    73.841] (**) Microsoft LifeCam Rear: Microso: always reports core events
[    73.841] (**) Option "Device" "/dev/input/event7"
[    73.841] (**) Option "_source" "server/udev"
[    73.841] (II) event7  - (II) Microsoft LifeCam Rear: Microso: (II) is tagged by udev as: Keyboard
[    73.841] (II) event7  - (II) Microsoft LifeCam Rear: Microso: (II) device is a keyboard
[    73.841] (II) event7  - (II) Microsoft LifeCam Rear: Microso: (II) device removed
[    73.841] (**) Option "config_info" "udev:/sys/devices/pci0000:00/0000:00:14.0/usb1/1-8/1-8:1.0/input/input7/event7"
[    73.841] (II) XINPUT: Adding extended input device "Microsoft LifeCam Rear: Microso" (type: KEYBOARD, id 12)
[    73.842] (II) event7  - (II) Microsoft LifeCam Rear: Microso: (II) is tagged by udev as: Keyboard
[    73.842] (II) event7  - (II) Microsoft LifeCam Rear: Microso: (II) device is a keyboard
[    73.842] (II) config/udev: Adding input device HDA Digital PCBeep (/dev/input/event2)
[    73.842] (II) No input driver specified, ignoring this device.
[    73.842] (II) This device may have been added with another device file.
[    73.842] (II) config/udev: Adding input device HDA Intel PCH Mic (/dev/input/event3)
[    73.842] (II) No input driver specified, ignoring this device.
[    73.842] (II) This device may have been added with another device file.
[    73.842] (II) config/udev: Adding input device HDA Intel PCH Headphone (/dev/input/event4)
[    73.842] (II) No input driver specified, ignoring this device.
[    73.842] (II) This device may have been added with another device file.
[    73.843] (II) config/udev: Adding input device NTRG0001:01 1B96:1B05 Pen (/dev/input/event16)
[    73.843] (**) NTRG0001:01 1B96:1B05 Pen: Applying InputClass "libinput tablet catchall"
[    73.843] (II) Using input driver 'libinput' for 'NTRG0001:01 1B96:1B05 Pen'
[    73.907] (II) systemd-logind: got fd for /dev/input/event16 13:80 fd 29 paused 0
[    73.907] (**) NTRG0001:01 1B96:1B05 Pen: always reports core events
[    73.907] (**) Option "Device" "/dev/input/event16"
[    73.907] (**) Option "_source" "server/udev"
[    73.908] (II) event16 - (II) NTRG0001:01 1B96:1B05 Pen: (II) is tagged by udev as: Tablet
[    73.940] (II) event16 - (II) NTRG0001:01 1B96:1B05 Pen: (II) tablet 'NTRG0001:01 1B96:1B05 Pen' unknown to libwacom
[    73.940] (II) event16 - (II) NTRG0001:01 1B96:1B05 Pen: (II) device is a tablet
[    73.940] (II) event16 - (II) NTRG0001:01 1B96:1B05 Pen: (II) device removed
[    73.940] (**) Option "config_info" "udev:/sys/devices/pci0000:00/INT33C3:00/i2c-1/i2c-NTRG0001:01/0018:1B96:1B05.0003/input/input29/event16"
[    73.940] (II) XINPUT: Adding extended input device "NTRG0001:01 1B96:1B05 Pen" (type: TABLET, id 13)
[    73.940] (II) event16 - (II) NTRG0001:01 1B96:1B05 Pen: (II) is tagged by udev as: Tablet
[    73.944] (II) event16 - (II) NTRG0001:01 1B96:1B05 Pen: (II) tablet 'NTRG0001:01 1B96:1B05 Pen' unknown to libwacom
[    73.944] (II) event16 - (II) NTRG0001:01 1B96:1B05 Pen: (II) device is a tablet
[    73.944] (II) config/udev: Adding input device NTRG0001:01 1B96:1B05 Pen (/dev/input/mouse1)
[    73.944] (II) No input driver specified, ignoring this device.
[    73.944] (II) This device may have been added with another device file.
[    73.944] (II) config/udev: Adding input device NTRG0001:01 1B96:1B05 (/dev/input/event17)
[    73.944] (**) NTRG0001:01 1B96:1B05: Applying InputClass "libinput touchscreen catchall"
[    73.944] (II) Using input driver 'libinput' for 'NTRG0001:01 1B96:1B05'
[    73.945] (II) systemd-logind: got fd for /dev/input/event17 13:81 fd 31 paused 0
[    73.945] (**) NTRG0001:01 1B96:1B05: always reports core events
[    73.945] (**) Option "Device" "/dev/input/event17"
[    73.945] (**) Option "_source" "server/udev"
[    73.945] (II) event17 - (II) NTRG0001:01 1B96:1B05: (II) is tagged by udev as: Touchscreen
[    73.945] (II) event17 - (II) NTRG0001:01 1B96:1B05: (II) device is a touch device
[    73.945] (II) event17 - (II) NTRG0001:01 1B96:1B05: (II) device removed
[    73.945] (**) Option "config_info" "udev:/sys/devices/pci0000:00/INT33C3:00/i2c-1/i2c-NTRG0001:01/0018:1B96:1B05.0003/input/input30/event17"
[    73.945] (II) XINPUT: Adding extended input device "NTRG0001:01 1B96:1B05" (type: TOUCHSCREEN, id 14)
[    73.945] (**) Option "AccelerationScheme" "none"
[    73.945] (**) NTRG0001:01 1B96:1B05: (accel) selected scheme none/0
[    73.945] (**) NTRG0001:01 1B96:1B05: (accel) acceleration factor: 2.000
[    73.945] (**) NTRG0001:01 1B96:1B05: (accel) acceleration threshold: 4
[    73.945] (II) event17 - (II) NTRG0001:01 1B96:1B05: (II) is tagged by udev as: Touchscreen
[    73.945] (II) event17 - (II) NTRG0001:01 1B96:1B05: (II) device is a touch device
[    73.946] (II) config/udev: Adding input device NTRG0001:01 1B96:1B05 (/dev/input/mouse2)
[    73.946] (II) No input driver specified, ignoring this device.
[    73.946] (II) This device may have been added with another device file.
[    73.952] (**) Microsoft Surface Type Cover Consumer Control: Applying InputClass "libinput keyboard catchall"
[    73.952] (II) Using input driver 'libinput' for 'Microsoft Surface Type Cover Consumer Control'
[    73.952] (II) systemd-logind: returning pre-existing fd for /dev/input/event10 13:74
[    73.952] (**) Microsoft Surface Type Cover Consumer Control: always reports core events
[    73.952] (**) Option "Device" "/dev/input/event10"
[    73.952] (**) Option "_source" "_driver/libinput"
[    73.952] (II) libinput: Microsoft Surface Type Cover Consumer Control: is a virtual subdevice
[    73.952] (**) Option "config_info" "udev:/sys/devices/pci0000:00/0000:00:14.0/usb1/1-3/1-3:1.0/0003:045E:07DC.0002/input/input10/event10"
[    73.952] (II) XINPUT: Adding extended input device "Microsoft Surface Type Cover Consumer Control" (type: KEYBOARD, id 15)
[    74.199] (II) modeset(0): EDID vendor "SEC", prod id 13634
[    74.199] (II) modeset(0): Printing DDC gathered Modelines:
[    74.199] (II) modeset(0): Modeline "2160x1440"x0.0  206.00  2160 2208 2240 2320  1440 1443 1453 1481 -hsync -vsync (88.8 kHz eP)
[    74.199] (II) modeset(0): Modeline "2160x1440"x0.0  164.90  2160 2208 2240 2320  1440 1443 1453 1481 -hsync -vsync (71.1 kHz e)
[   990.662] (II) modeset(0): EDID vendor "SEC", prod id 13634
[   990.662] (II) modeset(0): Printing DDC gathered Modelines:
[   990.662] (II) modeset(0): Modeline "2160x1440"x0.0  206.00  2160 2208 2240 2320  1440 1443 1453 1481 -hsync -vsync (88.8 kHz eP)
[   990.662] (II) modeset(0): Modeline "2160x1440"x0.0  164.90  2160 2208 2240 2320  1440 1443 1453 1481 -hsync -vsync (71.1 kHz e)
[  1539.100] (II) modeset(0): EDID vendor "SEC", prod id 13634
[  1539.100] (II) modeset(0): Printing DDC gathered Modelines:
[  1539.100] (II) modeset(0): Modeline "2160x1440"x0.0  206.00  2160 2208 2240 2320  1440 1443 1453 1481 -hsync -vsync (88.8 kHz eP)
[  1539.100] (II) modeset(0): Modeline "2160x1440"x0.0  164.90  2160 2208 2240 2320  1440 1443 1453 1481 -hsync -vsync (71.1 kHz e)
[  1539.354] (II) modeset(0): EDID vendor "SEC", prod id 13634
[  1539.354] (II) modeset(0): Printing DDC gathered Modelines:
[  1539.354] (II) modeset(0): Modeline "2160x1440"x0.0  206.00  2160 2208 2240 2320  1440 1443 1453 1481 -hsync -vsync (88.8 kHz eP)
[  1539.354] (II) modeset(0): Modeline "2160x1440"x0.0  164.90  2160 2208 2240 2320  1440 1443 1453 1481 -hsync -vsync (71.1 kHz e)
